<?xml version="1.0" encoding="UTF-8"?>
<!-- Generated by org.testng.reporters.JUnitXMLReporter -->
<testsuite ignored="0" hostname="DESKTOP-CCUD8MA" failures="0" tests="5" name="Default test" time="0.248" errors="0" timestamp="2023-07-13T11:33:27 IST">
  <testcase classname="Demo2.GroupingDemo" name="car1" time="0.03"/>
  <testcase classname="Demo2.GroupingDemo" name="car2" time="0.005"/>
  <testcase classname="Demo2.GroupingDemo" name="car3" time="0.006"/>
  <testcase classname="Demo2.GroupingDemo" name="car4" time="0.004"/>
  <testcase classname="Demo2.GroupingDemo" name="car5" time="0.003"/>
</testsuite> <!-- Default test -->
