<?xml version="1.0" encoding="UTF-8"?>
<!-- Generated by org.testng.reporters.JUnitXMLReporter -->
<testsuite ignored="2" hostname="DESKTOP-CCUD8MA" failures="0" tests="3" name="Test" time="0.149" errors="0" timestamp="2023-07-13T12:43:43 IST">
  <testcase classname="Demo2.GroupingDemo" name="car3" time="0.017"/>
  <testcase classname="Demo2.GroupingDemo" name="car4" time="0.004"/>
  <testcase classname="Demo2.GroupingDemo" name="car5" time="0.004"/>
  <testcase classname="Demo2.GroupingDemo" name="car1" time="0.0">
    <ignored/>
  </testcase> <!-- car1 -->
  <testcase classname="Demo2.GroupingDemo" name="car2" time="0.0">
    <ignored/>
  </testcase> <!-- car2 -->
</testsuite> <!-- Test -->
