<?xml version="1.0" encoding="UTF-8"?>
<testng-results ignored="0" total="3" passed="3" failed="0" skipped="0">
  <reporter-output>
  </reporter-output>
  <suite started-at="2023-07-13T12:43:43 IST" name="Suite" finished-at="2023-07-13T12:43:43 IST" duration-ms="149">
    <groups>
      <group name="car">
        <method signature="GroupingDemo.car3()[pri:0, instance:Demo2.GroupingDemo@60099951]" name="car3" class="Demo2.GroupingDemo"/>
        <method signature="GroupingDemo.car4()[pri:0, instance:Demo2.GroupingDemo@60099951]" name="car4" class="Demo2.GroupingDemo"/>
        <method signature="GroupingDemo.car5()[pri:0, instance:Demo2.GroupingDemo@60099951]" name="car5" class="Demo2.GroupingDemo"/>
      </group> <!-- car -->
      <group name="Luxury cars">
        <method signature="GroupingDemo.car3()[pri:0, instance:Demo2.GroupingDemo@60099951]" name="car3" class="Demo2.GroupingDemo"/>
      </group> <!-- Luxury cars -->
    </groups>
    <test started-at="2023-07-13T12:43:43 IST" name="Test" finished-at="2023-07-13T12:43:43 IST" duration-ms="149">
      <class name="Demo2.GroupingDemo">
        <test-method signature="car3()[pri:0, instance:Demo2.GroupingDemo@60099951]" started-at="2023-07-13T12:43:43 IST" name="car3" finished-at="2023-07-13T12:43:43 IST" duration-ms="17" status="PASS">
          <reporter-output>
          </reporter-output>
        </test-method> <!-- car3 -->
        <test-method signature="car4()[pri:0, instance:Demo2.GroupingDemo@60099951]" started-at="2023-07-13T12:43:43 IST" name="car4" finished-at="2023-07-13T12:43:43 IST" duration-ms="4" status="PASS">
          <reporter-output>
          </reporter-output>
        </test-method> <!-- car4 -->
        <test-method signature="car5()[pri:0, instance:Demo2.GroupingDemo@60099951]" started-at="2023-07-13T12:43:43 IST" name="car5" finished-at="2023-07-13T12:43:43 IST" duration-ms="4" status="PASS">
          <reporter-output>
          </reporter-output>
        </test-method> <!-- car5 -->
      </class> <!-- Demo2.GroupingDemo -->
    </test> <!-- Test -->
  </suite> <!-- Suite -->
</testng-results>
